<?xml version="1.0" encoding="UTF-8"?>
<!-- Generated by org.testng.reporters.JUnitXMLReporter -->
<testsuite hostname="SREESAI-305" ignored="0" name="Default test" tests="3" failures="0" timestamp="2021-09-02T16:15:32 IST" time="11.997" errors="0">
  <testcase name="test" time="1.795" classname="testng.PriorityTestNG"/>
  <testcase name="launchGoogle" time="1.869" classname="testng.PriorityTestNG"/>
  <testcase name="peformSeachAndClick1stLink" time="8.295" classname="testng.PriorityTestNG"/>
</testsuite> <!-- Default test -->
